Added Component: Designator=C1(1608[0603])
Add component. Clean all parameters for all variants
Add component (AddParameter): Name = "LatestRevisionDate"; Value = "29-May-2009"; VariantName = "[No Variations]"
Add component (AddParameter): Name = "LatestRevisionNote"; Value = "IPC-7351 Footprint Added."; VariantName = "[No Variations]"
Add component (AddParameter): Name = "PackageDescription"; Value = "Chip Capacitor"; VariantName = "[No Variations]"
Add component (AddParameter): Name = "PackageReference"; Value = "C1206"; VariantName = "[No Variations]"
Add component (AddParameter): Name = "Published"; Value = "8-Jun-2000"; VariantName = "[No Variations]"
Add component (AddParameter): Name = "Publisher"; Value = "Altium Limited"; VariantName = "[No Variations]"
Add component (AddParameter): Name = "Value"; Value = "100pF"; VariantName = "[No Variations]"
Added Component: Designator=P1(MHDR1X10)
Add component. Clean all parameters for all variants
Add component (AddParameter): Name = "LatestRevisionDate"; Value = "17-Jul-2002"; VariantName = "[No Variations]"
Add component (AddParameter): Name = "LatestRevisionNote"; Value = "Re-released for DXP Platform."; VariantName = "[No Variations]"
Add component (AddParameter): Name = "Publisher"; Value = "Altium Limited"; VariantName = "[No Variations]"
Added Pin To Net: NetName=GND Pin=C1-1
Added Pin To Net: NetName=GND Pin=P1-1
Added Pin To Net: NetName=D+ Pin=P1-2
Added Pin To Net: NetName=D- Pin=P1-3
Added Pin To Net: NetName=V_USB Pin=P1-4
Added Pin To Net: NetName=VCC Pin=P1-5
Added Pin To Net: NetName=LED1 Pin=P1-6
Added Pin To Net: NetName=LED2 Pin=P1-7
Added Pin To Net: NetName=LED3 Pin=P1-8
Added Pin To Net: NetName=LED4 Pin=P1-9
Added Pin To Net: NetName=button Pin=C1-2
Added Pin To Net: NetName=button Pin=P1-10
Added Pin To Net: NetName=button Pin=SB1-1
Added Pin To Net: NetName=button Pin=SB1-1
Added Net: Name=button
