Added Component: Designator=LED?(LED_3mm_DIP)
Add component. Clean all parameters for all variants
Added Component: Designator=LED?(LED_3mm_DIP)
Add component. Clean all parameters for all variants
Added Component: Designator=LED?(LED_3mm_DIP)
Add component. Clean all parameters for all variants
Added Component: Designator=LED?(LED_3mm_DIP)
Add component. Clean all parameters for all variants
Added Component: Designator=R?(J1-0603)
Add component. Clean all parameters for all variants
Add component (AddParameter): Name = "LatestRevisionDate"; Value = "29-May-2009"; VariantName = "[No Variations]"
Add component (AddParameter): Name = "LatestRevisionNote"; Value = "IPC-7351 Footprint Added."; VariantName = "[No Variations]"
Add component (AddParameter): Name = "PackageDescription"; Value = "Chip Resistor"; VariantName = "[No Variations]"
Add component (AddParameter): Name = "PackageReference"; Value = "J1-0603"; VariantName = "[No Variations]"
Add component (AddParameter): Name = "Published"; Value = "8-Jun-2000"; VariantName = "[No Variations]"
Add component (AddParameter): Name = "Publisher"; Value = "Altium Limited"; VariantName = "[No Variations]"
Add component (AddParameter): Name = "Value"; Value = "1K"; VariantName = "[No Variations]"
Added Component: Designator=R?(J1-0603)
Add component. Clean all parameters for all variants
Add component (AddParameter): Name = "LatestRevisionDate"; Value = "29-May-2009"; VariantName = "[No Variations]"
Add component (AddParameter): Name = "LatestRevisionNote"; Value = "IPC-7351 Footprint Added."; VariantName = "[No Variations]"
Add component (AddParameter): Name = "PackageDescription"; Value = "Chip Resistor"; VariantName = "[No Variations]"
Add component (AddParameter): Name = "PackageReference"; Value = "J1-0603"; VariantName = "[No Variations]"
Add component (AddParameter): Name = "Published"; Value = "8-Jun-2000"; VariantName = "[No Variations]"
Add component (AddParameter): Name = "Publisher"; Value = "Altium Limited"; VariantName = "[No Variations]"
Add component (AddParameter): Name = "Value"; Value = "1K"; VariantName = "[No Variations]"
Added Component: Designator=R?(J1-0603)
Add component. Clean all parameters for all variants
Add component (AddParameter): Name = "LatestRevisionDate"; Value = "29-May-2009"; VariantName = "[No Variations]"
Add component (AddParameter): Name = "LatestRevisionNote"; Value = "IPC-7351 Footprint Added."; VariantName = "[No Variations]"
Add component (AddParameter): Name = "PackageDescription"; Value = "Chip Resistor"; VariantName = "[No Variations]"
Add component (AddParameter): Name = "PackageReference"; Value = "J1-0603"; VariantName = "[No Variations]"
Add component (AddParameter): Name = "Published"; Value = "8-Jun-2000"; VariantName = "[No Variations]"
Add component (AddParameter): Name = "Publisher"; Value = "Altium Limited"; VariantName = "[No Variations]"
Add component (AddParameter): Name = "Value"; Value = "1K"; VariantName = "[No Variations]"
Added Component: Designator=R?(J1-0603)
Add component. Clean all parameters for all variants
Add component (AddParameter): Name = "LatestRevisionDate"; Value = "29-May-2009"; VariantName = "[No Variations]"
Add component (AddParameter): Name = "LatestRevisionNote"; Value = "IPC-7351 Footprint Added."; VariantName = "[No Variations]"
Add component (AddParameter): Name = "PackageDescription"; Value = "Chip Resistor"; VariantName = "[No Variations]"
Add component (AddParameter): Name = "PackageReference"; Value = "J1-0603"; VariantName = "[No Variations]"
Add component (AddParameter): Name = "Published"; Value = "8-Jun-2000"; VariantName = "[No Variations]"
Add component (AddParameter): Name = "Publisher"; Value = "Altium Limited"; VariantName = "[No Variations]"
Add component (AddParameter): Name = "Value"; Value = "1K"; VariantName = "[No Variations]"
Added Component: Designator=SB?(TACK-SW_SMD 2P 4x3mm_2)
Add component. Clean all parameters for all variants
Added Component: Designator=USB?(USB_Micro-B_S_DIP_180)
Add component. Clean all parameters for all variants
Added Pin To Net: NetName=D+ Pin=USB?-3
Added Net: Name=D+
Added Pin To Net: NetName=D- Pin=USB?-2
Added Net: Name=D-
Added Pin To Net: NetName=GND Pin=SB?-2
Added Pin To Net: NetName=GND Pin=SB?-2
Added Pin To Net: NetName=GND Pin=USB?-4
Added Pin To Net: NetName=GND Pin=USB?-5
Added Net: Name=GND
Added Pin To Net: NetName=LED1 Pin=R?-1
Added Net: Name=LED1
Added Pin To Net: NetName=LED2 Pin=R?-1
Added Net: Name=LED2
Added Pin To Net: NetName=LED3 Pin=R?-1
Added Net: Name=LED3
Added Pin To Net: NetName=LED4 Pin=R?-1
Added Net: Name=LED4
Added Pin To Net: NetName=NetLED?_2 Pin=LED?-2
Added Pin To Net: NetName=NetLED?_2 Pin=R?-2
Added Net: Name=NetLED?_2
Added Pin To Net: NetName=V_USB Pin=USB?-1
Added Net: Name=V_USB
Added Pin To Net: NetName=VCC Pin=LED?-1
Added Pin To Net: NetName=VCC Pin=LED?-1
Added Pin To Net: NetName=VCC Pin=LED?-1
Added Pin To Net: NetName=VCC Pin=LED?-1
Added Net: Name=VCC
