Added Component: Designator=P4(MHDR1X2)
Add component. Clean all parameters for all variants
Add component (AddParameter): Name = "LatestRevisionDate"; Value = "17-Jul-2002"; VariantName = "[No Variations]"
Add component (AddParameter): Name = "LatestRevisionNote"; Value = "Re-released for DXP Platform."; VariantName = "[No Variations]"
Add component (AddParameter): Name = "Publisher"; Value = "Altium Limited"; VariantName = "[No Variations]"
Added Pin To Net: NetName=UART_1_RX Pin=P4-1
Added Pin To Net: NetName=UART_1_TX Pin=P4-2
Added Pin To Net: NetName=ADC0 Pin=U1-44
Added Net: Name=ADC0
Added Pin To Net: NetName=ADC1 Pin=U1-45
Added Net: Name=ADC1
Added Pin To Net: NetName=ADC2 Pin=U1-46
Added Net: Name=ADC2
Added Pin To Net: NetName=ADC3 Pin=U1-47
Added Net: Name=ADC3
Added Pin To Net: NetName=ADC4 Pin=U1-48
Added Net: Name=ADC4
Added Pin To Net: NetName=ADC5 Pin=U1-49
Added Net: Name=ADC5
Added Pin To Net: NetName=ADC6 Pin=U1-50
Added Net: Name=ADC6
