Removed Pin From Net: NetName=GND Pin=MPU-9250-25
Removed Pin From Net: NetName=GND Pin=SB3-
Removed Pin From Net: NetName=GND Pin=SB3-
Removed Pin From Net: NetName=GND Pin=SB3-
Removed Pin From Net: NetName=GND Pin=SB3-
Removed Pin From Net: NetName=GND Pin=X2-
Removed Pin From Net: NetName=GND Pin=X2-
Added Component: Designator=J2(Terminal_block_8pin_1.25mm_SMD)
Add component. Clean all parameters for all variants
Added Component: Designator=P4(MHDR1X2)
Add component. Clean all parameters for all variants
Add component (AddParameter): Name = "LatestRevisionDate"; Value = "17-Jul-2002"; VariantName = "[No Variations]"
Add component (AddParameter): Name = "LatestRevisionNote"; Value = "Re-released for DXP Platform."; VariantName = "[No Variations]"
Add component (AddParameter): Name = "Publisher"; Value = "Altium Limited"; VariantName = "[No Variations]"
Added Pin To Net: NetName=Vref Pin=J2-1
Added Pin To Net: NetName=ADC6 Pin=J2-2
Added Pin To Net: NetName=ADC5 Pin=J2-3
Added Pin To Net: NetName=ADC4 Pin=J2-4
Added Pin To Net: NetName=ADC3 Pin=J2-5
Added Pin To Net: NetName=ADC2 Pin=J2-6
Added Pin To Net: NetName=ADC1 Pin=J2-7
Added Pin To Net: NetName=GND Pin=J2-8
Added Pin To Net: NetName=UART_1_RX Pin=P4-1
Added Pin To Net: NetName=UART_1_TX Pin=P4-2
