Removed Pin From Net: NetName=DVBUS Pin=P2-2
Removed Pin From Net: NetName=AVDD Pin=P2-5
Removed Pin From Net: NetName=LED1 Pin=P2-6
Removed Pin From Net: NetName=LED2 Pin=P2-7
Removed Pin From Net: NetName=LED3 Pin=P2-8
Removed Pin From Net: NetName=LED4 Pin=P2-9
Removed Pin From Net: NetName=button Pin=P2-10
Change Component Footprint: Designator=P2 Old Footprint=MHDR1X10 New Footprint=MHDR1X12
Change Component Comment : Designator=P2 Old Comment=MHDR1X10 New Comment=MHDR1X12
Added Pin To Net: NetName=DVBUS Pin=P2-4
Added Pin To Net: NetName=AVDD Pin=P2-7
Added Pin To Net: NetName=LED1 Pin=P2-8
Added Pin To Net: NetName=LED2 Pin=P2-9
Added Pin To Net: NetName=LED3 Pin=P2-10
Added Pin To Net: NetName=LED4 Pin=P2-11
Added Pin To Net: NetName=button Pin=P2-12
Added Pin To Net: NetName=NetP2_5 Pin=P2-5
Added Pin To Net: NetName=NetP2_5 Pin=R7-2
Added Net: Name=NetP2_5
Added Pin To Net: NetName=NetP2_6 Pin=P2-6
Added Pin To Net: NetName=NetP2_6 Pin=R8-2
Added Net: Name=NetP2_6
Added Pin To Net: NetName=SW_EN1 Pin=AP1-3
Added Pin To Net: NetName=SW_EN1 Pin=P2-3
Added Pin To Net: NetName=SW_EN1 Pin=SB2-2
Added Net: Name=SW_EN1
Added Pin To Net: NetName=SW_EN2 Pin=P2-2
Added Pin To Net: NetName=SW_EN2 Pin=R9-2
Added Pin To Net: NetName=SW_EN2 Pin=SB2-3
Added Net: Name=SW_EN2
