Removed Pin From Net: NetName=GND Pin=J2-
Removed Pin From Net: NetName=GND Pin=J2-
Removed Pin From Net: NetName=GND Pin=MPU-9250-25
Removed Pin From Net: NetName=GND Pin=SB3-
Removed Pin From Net: NetName=GND Pin=SB3-
Removed Pin From Net: NetName=GND Pin=SB3-
Removed Pin From Net: NetName=GND Pin=SB3-
Removed Pin From Net: NetName=GND Pin=X2-
Removed Pin From Net: NetName=GND Pin=X2-
Change Component Designator: OldDesignator=AP2112 NewDesignator=AP1
Change Component Designator: OldDesignator=buzzer NewDesignator=buzzer1
Change Component Designator: OldDesignator=C3 NewDesignator=C4
Change Component Designator: OldDesignator=C4 NewDesignator=C5
Change Component Designator: OldDesignator=C5 NewDesignator=C3
Change Component Designator: OldDesignator=C14 NewDesignator=C18
Change Component Designator: OldDesignator=C15 NewDesignator=C14
Change Component Designator: OldDesignator=C16 NewDesignator=C15
Change Component Designator: OldDesignator=C17 NewDesignator=C16
Change Component Designator: OldDesignator=C18 NewDesignator=C17
Change Component Designator: OldDesignator=D2 NewDesignator=D1
Change Component Designator: OldDesignator=D3 NewDesignator=D2
Change Component Designator: OldDesignator=MPU-9250 NewDesignator=MPU-1
Change Component Designator: OldDesignator=NRF* NewDesignator=NRF*1
Change Component Designator: OldDesignator=P5 NewDesignator=P4
Change Component Designator: OldDesignator=R8 NewDesignator=R7
Change Component Designator: OldDesignator=R9 NewDesignator=R8
Change Component Designator: OldDesignator=R11 NewDesignator=R9
Change Component Designator: OldDesignator=R12 NewDesignator=R10
Change Component Designator: OldDesignator=R14 NewDesignator=R5
Change Component Designator: OldDesignator=R15 NewDesignator=R6
Change Component Designator: OldDesignator=R16 NewDesignator=R11
Change Component Designator: OldDesignator=R17 NewDesignator=R12
Change Component Designator: OldDesignator=R18 NewDesignator=R13
Change Component Designator: OldDesignator=SB3 NewDesignator=SB2
Change Component Designator: OldDesignator=SB4 NewDesignator=SB3
Change Component Designator: OldDesignator=TP2 NewDesignator=TP1
Change Net Name : Old Net Name=NetAP2112_3 New Net Name=NetAP1_3
Change Net Name : Old Net Name=Netbuzzer_2 New Net Name=Netbuzzer1_2
Change Net Name : Old Net Name=NetC14_2 New Net Name=NetC18_2
Change Net Name : Old Net Name=NetR11_2 New Net Name=NetR9_2
Change Net Name : Old Net Name=NetR12_2 New Net Name=NetR10_2
