Removed Pin From Net: NetName=GND Pin=J1-
Removed Pin From Net: NetName=GND Pin=J1-
Removed Pin From Net: NetName=GND Pin=J2-
Removed Pin From Net: NetName=GND Pin=J2-
Removed Pin From Net: NetName=GND Pin=J3-
Removed Pin From Net: NetName=GND Pin=J3-
Removed Pin From Net: NetName=GND Pin=SB1-
Removed Pin From Net: NetName=GND Pin=SB1-
Removed Pin From Net: NetName=GND Pin=SB1-
Removed Pin From Net: NetName=GND Pin=SB1-
Removed Pin From Net: NetName=CHRG Pin=TP1-1
Removed Pin From Net: NetName=GND Pin=U2-25
Removed Pin From Net: NetName=GND Pin=X1-
Removed Pin From Net: NetName=GND Pin=X1-
Change Component Designator: OldDesignator=NRF24l01+ NewDesignator=NRF*1
Change Component Designator: OldDesignator=RST NewDesignator=RST1
Change Component Designator: OldDesignator=U2 NewDesignator=MPU-1
Added Component: Designator=LED1(SMD-0603_LED)
Add component. Clean all parameters for all variants
Added Component: Designator=R19(J1-0603)
Add component. Clean all parameters for all variants
Add component (AddParameter): Name = "LatestRevisionDate"; Value = "29-May-2009"; VariantName = "[No Variations]"
Add component (AddParameter): Name = "LatestRevisionNote"; Value = "IPC-7351 Footprint Added."; VariantName = "[No Variations]"
Add component (AddParameter): Name = "PackageDescription"; Value = "Chip Resistor"; VariantName = "[No Variations]"
Add component (AddParameter): Name = "PackageReference"; Value = "J1-0603"; VariantName = "[No Variations]"
Add component (AddParameter): Name = "Published"; Value = "8-Jun-2000"; VariantName = "[No Variations]"
Add component (AddParameter): Name = "Publisher"; Value = "Altium Limited"; VariantName = "[No Variations]"
Add component (AddParameter): Name = "Value"; Value = "160"; VariantName = "[No Variations]"
Added Component: Designator=R20(J1-0603)
Add component. Clean all parameters for all variants
Add component (AddParameter): Name = "LatestRevisionDate"; Value = "29-May-2009"; VariantName = "[No Variations]"
Add component (AddParameter): Name = "LatestRevisionNote"; Value = "IPC-7351 Footprint Added."; VariantName = "[No Variations]"
Add component (AddParameter): Name = "PackageDescription"; Value = "Chip Resistor"; VariantName = "[No Variations]"
Add component (AddParameter): Name = "PackageReference"; Value = "J1-0603"; VariantName = "[No Variations]"
Add component (AddParameter): Name = "Published"; Value = "8-Jun-2000"; VariantName = "[No Variations]"
Add component (AddParameter): Name = "Publisher"; Value = "Altium Limited"; VariantName = "[No Variations]"
Add component (AddParameter): Name = "Value"; Value = "870"; VariantName = "[No Variations]"
Added Pin To Net: NetName=GND Pin=LED1-1
Added Pin To Net: NetName=V_BAT Pin=R19-1
Added Pin To Net: NetName=CHRG Pin=R19-2
Added Pin To Net: NetName=CHRG Pin=R20-2
Added Pin To Net: NetName=V_BAT Pin=TP1-1
Added Pin To Net: NetName=NetLED1_2 Pin=LED1-2
Added Pin To Net: NetName=NetLED1_2 Pin=R20-1
Added Net: Name=NetLED1_2
